Arguments: 
  C:\Program Files\nodejs\node.exe C:\Users\raksh\AppData\Roaming\npm\node_modules\yarn\bin\yarn.js add mongoose

PATH: 
  C:\Program Files\Common Files\Oracle\Java\javapath;C:\WINDOWS\system32;C:\WINDOWS;C:\WINDOWS\System32\Wbem;C:\WINDOWS\System32\WindowsPowerShell\v1.0\;C:\WINDOWS\System32\OpenSSH\;C:\MinGW\bin;C:\Program Files\nodejs\;C:\ProgramData\chocolatey\bin;C:\Program Files\Git\cmd;C:\Users\raksh\AppData\Local\Microsoft\WindowsApps;C:\Users\raksh\AppData\Local\Programs\Microsoft VS Code\bin;C:\Users\raksh\AppData\Roaming\npm;C:\Users\raksh\Downloads\mongosh-1.8.0-win32-x64\mongosh-1.8.0-win32-x64\bin;C:\Program Files\MongoDB\Server\6.0\bin;

Yarn version: 
  1.22.19

Node version: 
  16.17.1

Platform: 
  win32 x64

Trace: 
  Error: EPERM: operation not permitted, unlink 'D:\youtube23-fullstack-fiverr\api\node_modules\bcrypt\lib\binding\napi-v3\bcrypt_lib.node'

npm manifest: 
  {
    "name": "api",
    "version": "1.0.0",
    "description": "",
    "main": "server.js",
    "type": "module",
    "scripts": {
      "start": "nodemon server.js",
      "dev": "nodemon server.js"
    },
    "keywords": [],
    "author": "",
    "license": "ISC",
    "dependencies": {
      "bcrypt": "^5.1.0",
      "cookie-parser": "^1.4.6",
      "cors": "^2.8.5",
      "dotenv": "^16.0.3",
      "express": "^4.18.2",
      "jsonwebtoken": "^9.0.0",
      "mongoose": "^6.9.2",
      "nodemon": "^2.0.20",
      "stripe": "^11.11.0"
    }
  }

yarn manifest: 
  No manifest

Lockfile: 
  No lockfile
